Arguments: 
  /home/xenial/.nvm/versions/node/v6.7.0/bin/node /usr/share/yarn/bin/yarn.js add kinesis-client-library

PATH: 
  /home/xenial/.nvm/versions/node/v6.7.0/bin:/usr/local/sbin:/usr/local/bin:/usr/sbin:/usr/bin:/sbin:/bin:/usr/games:/usr/local/games:/snap/bin:/home/xenial/Android/Sdk/tools:/home/xenial/Android/Sdk/platform-tools:/home/xenial/.mos/bin

Yarn version: 
  0.24.4

Node version: 
  6.7.0

Platform: 
  linux x64

npm manifest: 
  {
    "name": "kinesis-consumer",
    "version": "1.0.0",
    "description": "",
    "main": "index.js",
    "scripts": {
      "test": "echo \"Error: no test specified\" && exit 1"
    },
    "author": "",
    "license": "ISC"
  }

yarn manifest: 
  No manifest

Lockfile: 
  No lockfile

Trace: 
  Error: self signed certificate in certificate chain
      at Error (native)
      at TLSSocket.<anonymous> (_tls_wrap.js:1060:38)
      at emitNone (events.js:86:13)
      at TLSSocket.emit (events.js:185:7)
      at TLSSocket._finishInit (_tls_wrap.js:584:8)
      at TLSWrap.ssl.onhandshakedone (_tls_wrap.js:416:38)
